<?xml version="1.0" encoding="UTF-8"?>
<testng-results ignored="0" total="3" passed="3" failed="0" skipped="0">
  <reporter-output>
  </reporter-output>
  <suite started-at="2020-03-03T11:40:34 GMT" name="Suite1" finished-at="2020-03-03T11:40:34 GMT" duration-ms="76">
    <groups>
    </groups>
    <test started-at="2020-03-03T11:40:34 GMT" name="test1" finished-at="2020-03-03T11:40:34 GMT" duration-ms="76">
      <class name="TestEmployeeDetails">
        <test-method signature="testCalculateAppriasal()[pri:0, instance:TestEmployeeDetails@69fb6037]" started-at="2020-03-03T11:40:34 GMT" name="testCalculateAppriasal" finished-at="2020-03-03T11:40:34 GMT" duration-ms="28" status="PASS">
          <reporter-output>
          </reporter-output>
        </test-method> <!-- testCalculateAppriasal -->
        <test-method signature="testCalculateYearlySalary()[pri:0, instance:TestEmployeeDetails@69fb6037]" started-at="2020-03-03T11:40:34 GMT" name="testCalculateYearlySalary" finished-at="2020-03-03T11:40:34 GMT" duration-ms="2" status="PASS">
          <reporter-output>
          </reporter-output>
        </test-method> <!-- testCalculateYearlySalary -->
        <test-method signature="testYearlySalaryExample()[pri:0, instance:TestEmployeeDetails@69fb6037]" started-at="2020-03-03T11:40:34 GMT" name="testYearlySalaryExample" finished-at="2020-03-03T11:40:34 GMT" duration-ms="1" status="PASS">
          <reporter-output>
          </reporter-output>
        </test-method> <!-- testYearlySalaryExample -->
      </class> <!-- TestEmployeeDetails -->
    </test> <!-- test1 -->
  </suite> <!-- Suite1 -->
</testng-results>
