<?xml version="1.0" encoding="UTF-8"?>
<testng-results ignored="0" total="5" passed="5" failed="0" skipped="0">
  <reporter-output>
  </reporter-output>
  <suite started-at="2020-03-03T12:17:22 GMT" name="Suite1" finished-at="2020-03-03T12:17:23 GMT" duration-ms="129">
    <groups>
    </groups>
    <test started-at="2020-03-03T12:17:22 GMT" name="test1" finished-at="2020-03-03T12:17:23 GMT" duration-ms="129">
      <class name="day1">
        <test-method signature="Demo()[pri:0, instance:day1@6c779568]" started-at="2020-03-03T12:17:22 GMT" name="Demo" finished-at="2020-03-03T12:17:22 GMT" duration-ms="5" status="PASS">
          <reporter-output>
          </reporter-output>
        </test-method> <!-- Demo -->
        <test-method signature="SecondTest()[pri:0, instance:day1@6c779568]" started-at="2020-03-03T12:17:22 GMT" name="SecondTest" finished-at="2020-03-03T12:17:22 GMT" duration-ms="3" status="PASS">
          <reporter-output>
          </reporter-output>
        </test-method> <!-- SecondTest -->
        <test-method is-config="true" signature="lastexecution()[pri:0, instance:day1@6c779568]" started-at="2020-03-03T12:17:23 GMT" name="lastexecution" finished-at="2020-03-03T12:17:23 GMT" duration-ms="4" status="PASS">
          <reporter-output>
          </reporter-output>
        </test-method> <!-- lastexecution -->
        <test-method is-config="true" signature="afSuite()[pri:0, instance:day1@6c779568]" started-at="2020-03-03T12:17:23 GMT" name="afSuite" finished-at="2020-03-03T12:17:23 GMT" duration-ms="0" status="PASS">
          <reporter-output>
          </reporter-output>
        </test-method> <!-- afSuite -->
      </class> <!-- day1 -->
      <class name="TestEmployeeDetails">
        <test-method signature="testCalculateAppriasal()[pri:0, instance:TestEmployeeDetails@6f27a732]" started-at="2020-03-03T12:17:22 GMT" name="testCalculateAppriasal" finished-at="2020-03-03T12:17:22 GMT" duration-ms="30" status="PASS">
          <reporter-output>
          </reporter-output>
        </test-method> <!-- testCalculateAppriasal -->
        <test-method signature="testCalculateYearlySalary()[pri:0, instance:TestEmployeeDetails@6f27a732]" started-at="2020-03-03T12:17:22 GMT" name="testCalculateYearlySalary" finished-at="2020-03-03T12:17:22 GMT" duration-ms="1" status="PASS">
          <reporter-output>
          </reporter-output>
        </test-method> <!-- testCalculateYearlySalary -->
        <test-method signature="testYearlySalaryExample()[pri:0, instance:TestEmployeeDetails@6f27a732]" started-at="2020-03-03T12:17:22 GMT" name="testYearlySalaryExample" finished-at="2020-03-03T12:17:22 GMT" duration-ms="1" status="PASS">
          <reporter-output>
          </reporter-output>
        </test-method> <!-- testYearlySalaryExample -->
      </class> <!-- TestEmployeeDetails -->
    </test> <!-- test1 -->
  </suite> <!-- Suite1 -->
</testng-results>
