<?xml version="1.0" encoding="UTF-8"?>
<!-- Generated by org.testng.reporters.JUnitXMLReporter -->
<testsuite ignored="0" hostname="LAPTOP-11VVCFEC" failures="0" tests="5" name="test1" time="0.129" errors="0" timestamp="2020-03-03T12:17:23 GMT">
  <testcase classname="TestEmployeeDetails" name="testCalculateAppriasal" time="0.03"/>
  <testcase classname="TestEmployeeDetails" name="testCalculateYearlySalary" time="0.001"/>
  <testcase classname="TestEmployeeDetails" name="testYearlySalaryExample" time="0.001"/>
  <testcase classname="day1" name="Demo" time="0.005"/>
  <testcase classname="day1" name="SecondTest" time="0.003"/>
</testsuite> <!-- test1 -->
